<?xml version="1.0" encoding="UTF-8"?>
<testng-results ignored="0" total="1" passed="1" failed="0" skipped="0">
  <reporter-output>
  </reporter-output>
  <suite started-at="2024-02-29T01:42:33 IST" name="netBanking" finished-at="2024-02-29T01:43:09 IST" duration-ms="36405">
    <groups>
    </groups>
    <test started-at="2024-02-29T01:42:33 IST" name="netBanking Test" finished-at="2024-02-29T01:43:09 IST" duration-ms="36405">
      <class name="com.netBanking.testCases.TC_LoginTest_001">
        <test-method is-config="true" signature="setup(java.lang.String)[pri:0, instance:com.netBanking.testCases.TC_LoginTest_001@4ed5eb72]" started-at="2024-02-29T01:42:33 IST" name="setup" finished-at="2024-02-29T01:43:00 IST" duration-ms="26366" status="PASS">
          <params>
            <param index="0">
              <value>
                <![CDATA[chrome]]>
              </value>
            </param>
          </params>
          <reporter-output>
          </reporter-output>
        </test-method> <!-- setup -->
        <test-method signature="loginTest()[pri:0, instance:com.netBanking.testCases.TC_LoginTest_001@4ed5eb72]" started-at="2024-02-29T01:43:00 IST" name="loginTest" finished-at="2024-02-29T01:43:06 IST" duration-ms="6064" status="PASS">
          <reporter-output>
          </reporter-output>
        </test-method> <!-- loginTest -->
        <test-method is-config="true" signature="tearDown()[pri:0, instance:com.netBanking.testCases.TC_LoginTest_001@4ed5eb72]" started-at="2024-02-29T01:43:06 IST" name="tearDown" finished-at="2024-02-29T01:43:09 IST" duration-ms="3122" status="PASS">
          <reporter-output>
          </reporter-output>
        </test-method> <!-- tearDown -->
      </class> <!-- com.netBanking.testCases.TC_LoginTest_001 -->
    </test> <!-- netBanking Test -->
  </suite> <!-- netBanking -->
</testng-results>
