<?xml version="1.0" encoding="UTF-8"?>
<testng-results ignored="0" total="1" passed="1" failed="0" skipped="0">
  <reporter-output>
  </reporter-output>
  <suite started-at="2024-02-27T00:46:38 IST" name="netBanking" finished-at="2024-02-27T00:47:14 IST" duration-ms="35996">
    <groups>
    </groups>
    <test started-at="2024-02-27T00:46:38 IST" name="netBanking Test" finished-at="2024-02-27T00:47:14 IST" duration-ms="35996">
      <class name="com.netBanking.testCases.TC_LoginTest_001">
        <test-method is-config="true" signature="setup(java.lang.String)[pri:0, instance:com.netBanking.testCases.TC_LoginTest_001@4ba534b0]" started-at="2024-02-27T00:46:39 IST" name="setup" finished-at="2024-02-27T00:47:01 IST" duration-ms="22014" status="PASS">
          <params>
            <param index="0">
              <value>
                <![CDATA[chrome]]>
              </value>
            </param>
          </params>
          <reporter-output>
          </reporter-output>
        </test-method> <!-- setup -->
        <test-method signature="loginTest()[pri:0, instance:com.netBanking.testCases.TC_LoginTest_001@4ba534b0]" started-at="2024-02-27T00:47:01 IST" name="loginTest" finished-at="2024-02-27T00:47:12 IST" duration-ms="10790" status="PASS">
          <reporter-output>
          </reporter-output>
        </test-method> <!-- loginTest -->
        <test-method is-config="true" signature="tearDown()[pri:0, instance:com.netBanking.testCases.TC_LoginTest_001@4ba534b0]" started-at="2024-02-27T00:47:12 IST" name="tearDown" finished-at="2024-02-27T00:47:14 IST" duration-ms="2153" status="PASS">
          <reporter-output>
          </reporter-output>
        </test-method> <!-- tearDown -->
      </class> <!-- com.netBanking.testCases.TC_LoginTest_001 -->
    </test> <!-- netBanking Test -->
  </suite> <!-- netBanking -->
</testng-results>
